<?xml version="1.0" encoding="UTF-8"?>
<testsuites name="Login_manual" time="248.232" tests="5" failures="1" errors="0">
   <testsuite name="Login_manual" tests="5" failures="1" errors="0" time="248.232" skipped="0" timestamp="2022-02-11 21:28:03" hostname="user - DESKTOP-HVUGG9G" id="Test Suites/Login_manual">
      <properties>
         <property name="deviceName" value=""/>
         <property name="devicePlatform" value=""/>
         <property name="logFolder" value="C:\\Users\\user\\Katalon Studio\\My First Web UI Project\\Reports\\20220211_212748\\Login_manual\\20220211_212749"/>
         <property name="logFiles" value="C:\\Users\\user\\Katalon Studio\\My First Web UI Project\\Reports\\20220211_212748\\Login_manual\\20220211_212749\\execution0.log"/>
         <property name="attachments" value="C:\\Users\\user\\Katalon Studio\\My First Web UI Project\\Reports\\20220211_212748\\Login_manual\\20220211_212749\\1644589697991.png, C:\\Users\\user\\Katalon Studio\\My First Web UI Project\\Reports\\20220211_212748\\Login_manual\\20220211_212749\\1644589714084.png, C:\\Users\\user\\Katalon Studio\\My First Web UI Project\\Reports\\20220211_212748\\Login_manual\\20220211_212749\\1644589726945.png, C:\\Users\\user\\Katalon Studio\\My First Web UI Project\\Reports\\20220211_212748\\Login_manual\\20220211_212749\\1644589740797.png, C:\\Users\\user\\Katalon Studio\\My First Web UI Project\\Reports\\20220211_212748\\Login_manual\\20220211_212749\\1644589753503.png, C:\\Users\\user\\Katalon Studio\\My First Web UI Project\\Reports\\20220211_212748\\Login_manual\\20220211_212749\\1644589757618.png, C:\\Users\\user\\Katalon Studio\\My First Web UI Project\\Reports\\20220211_212748\\Login_manual\\20220211_212749\\1644589789865.png, C:\\Users\\user\\Katalon Studio\\My First Web UI Project\\Reports\\20220211_212748\\Login_manual\\20220211_212749\\1644589790159.png, C:\\Users\\user\\Katalon Studio\\My First Web UI Project\\Reports\\20220211_212748\\Login_manual\\20220211_212749\\1644589801149.png, C:\\Users\\user\\Katalon Studio\\My First Web UI Project\\Reports\\20220211_212748\\Login_manual\\20220211_212749\\1644589805063.png, C:\\Users\\user\\Katalon Studio\\My First Web UI Project\\Reports\\20220211_212748\\Login_manual\\20220211_212749\\1644589837362.png, C:\\Users\\user\\Katalon Studio\\My First Web UI Project\\Reports\\20220211_212748\\Login_manual\\20220211_212749\\1644589837608.png, C:\\Users\\user\\Katalon Studio\\My First Web UI Project\\Reports\\20220211_212748\\Login_manual\\20220211_212749\\1644589848827.png, C:\\Users\\user\\Katalon Studio\\My First Web UI Project\\Reports\\20220211_212748\\Login_manual\\20220211_212749\\1644589852785.png, C:\\Users\\user\\Katalon Studio\\My First Web UI Project\\Reports\\20220211_212748\\Login_manual\\20220211_212749\\1644589884910.png, C:\\Users\\user\\Katalon Studio\\My First Web UI Project\\Reports\\20220211_212748\\Login_manual\\20220211_212749\\1644589885163.png, C:\\Users\\user\\Katalon Studio\\My First Web UI Project\\Reports\\20220211_212748\\Login_manual\\20220211_212749\\1644589894934.png, C:\\Users\\user\\Katalon Studio\\My First Web UI Project\\Reports\\20220211_212748\\Login_manual\\20220211_212749\\1644589899076.png, C:\\Users\\user\\Katalon Studio\\My First Web UI Project\\Reports\\20220211_212748\\Login_manual\\20220211_212749\\1644589931095.png, C:\\Users\\user\\Katalon Studio\\My First Web UI Project\\Reports\\20220211_212748\\Login_manual\\20220211_212749\\1644589931345.png"/>
         <property name="hostName" value="user - DESKTOP-HVUGG9G"/>
         <property name="os" value="Windows 10 64bit"/>
         <property name="katalonVersion" value="8.2.5.208"/>
         <property name="browser" value="Chrome 98.0.4758.82"/>
         <property name="hostAddress" value="192.168.43.53"/>
         <property name="sessionId" value="b2d8954c6c0ef8701224339d69b91ad4"/>
         <property name="seleniumVersion" value="3.141.59"/>
         <property name="proxyInformation" value="ProxyInformation { proxyOption=NO_PROXY, proxyServerType=HTTP, username=, password=********, proxyServerAddress=, proxyServerPort=0, executionList=&quot;&quot;, isApplyToDesiredCapabilities=true }"/>
         <property name="platform" value="Windows 10"/>
      </properties>
      <testcase name="Test Cases/Login_Manual/Failed login_Email and password left blank" time="16.92" classname="Test Cases/Login_Manual/Failed login_Email and password left blank" status="PASSED">
         <system-out><![CDATA[2022-02-11 21:28:03 - [TEST_CASE][PASSED] - Test Cases/Login_Manual/Failed login_Email and password left blank: Test Cases/Login_Manual/Failed login_Email and password left blank

2022-02-11 21:28:04 - [TEST_STEP][PASSED] - openBrowser(""): Browser is opened with url: ''

2022-02-11 21:28:05 - [MESSAGE][INFO] - Starting 'Chrome' driver

2022-02-11 21:28:05 - [MESSAGE][INFO] - Action delay is set to 0 milliseconds

2022-02-11 21:28:09 - [MESSAGE][PASSED] - Browser is opened with url: ''

2022-02-11 21:28:09 - [TEST_STEP][PASSED] - navigateToUrl("https://dashboard-dev.qlue.ai/login?email=&redirect_to="): Navigate to 'https://dashboard-dev.qlue.ai/login?email=&redirect_to=' successfully

2022-02-11 21:28:14 - [MESSAGE][PASSED] - Navigate to 'https://dashboard-dev.qlue.ai/login?email=&redirect_to=' successfully

2022-02-11 21:28:14 - [TEST_STEP][PASSED] - click(findTestObject("Object Repository/Page_QlueDashboard/button_Log in")): Object: 'Object Repository/Page_QlueDashboard/button_Log in' is clicked on

2022-02-11 21:28:15 - [MESSAGE][PASSED] - Object: 'Object Repository/Page_QlueDashboard/button_Log in' is clicked on

2022-02-11 21:28:15 - [TEST_STEP][PASSED] - delay(2): Delayed 2 second(s)

2022-02-11 21:28:17 - [MESSAGE][PASSED] - Delayed 2 second(s)

2022-02-11 21:28:17 - [TEST_STEP][PASSED] - takeFullPageScreenshot(): Taking screenshot successfully

2022-02-11 21:28:19 - [MESSAGE][INFO] - 0 hidden object(s)

2022-02-11 21:28:19 - [MESSAGE][PASSED] - Taking screenshot successfully
[[ATTACHMENT|C:\\Users\\user\\Katalon Studio\\My First Web UI Project\\Reports\\20220211_212748\\Login_manual\\20220211_212749\\1644589697991.png]]

2022-02-11 21:28:19 - [TEST_STEP][PASSED] - closeBrowser(): Browser is closed

2022-02-11 21:28:20 - [MESSAGE][PASSED] - Browser is closed]]></system-out>
         <system-err><![CDATA[]]></system-err>
      </testcase>
      <testcase name="Test Cases/Login_Manual/Failed login_Email field filled with phone number" time="15.622" classname="Test Cases/Login_Manual/Failed login_Email field filled with phone number" status="PASSED">
         <system-out><![CDATA[2022-02-11 21:28:20 - [TEST_CASE][PASSED] - Test Cases/Login_Manual/Failed login_Email field filled with phone number: Test Cases/Login_Manual/Failed login_Email field filled with phone number

2022-02-11 21:28:21 - [TEST_STEP][PASSED] - openBrowser(""): Browser is opened with url: ''

2022-02-11 21:28:21 - [MESSAGE][INFO] - Starting 'Chrome' driver

2022-02-11 21:28:21 - [MESSAGE][INFO] - Action delay is set to 0 milliseconds

2022-02-11 21:28:23 - [MESSAGE][PASSED] - Browser is opened with url: ''

2022-02-11 21:28:23 - [TEST_STEP][PASSED] - navigateToUrl("https://dashboard-dev.qlue.ai/login?email=&redirect_to="): Navigate to 'https://dashboard-dev.qlue.ai/login?email=&redirect_to=' successfully

2022-02-11 21:28:29 - [MESSAGE][PASSED] - Navigate to 'https://dashboard-dev.qlue.ai/login?email=&redirect_to=' successfully

2022-02-11 21:28:29 - [TEST_STEP][PASSED] - setText(findTestObject("Object Repository/Page_QlueDashboard/input_Email Address_email"), "081345755941"): Text '081345755941' is set on object 'Object Repository/Page_QlueDashboard/input_Email Address_email'

2022-02-11 21:28:30 - [MESSAGE][PASSED] - Text '081345755941' is set on object 'Object Repository/Page_QlueDashboard/input_Email Address_email'

2022-02-11 21:28:30 - [TEST_STEP][PASSED] - setEncryptedText(findTestObject("Object Repository/Page_QlueDashboard/input_Password_password"), "v6+BrTLuxzQDl26QyXP8dQ=="): Text ****** has been set on object 'Object Repository/Page_QlueDashboard/input_Password_password'

2022-02-11 21:28:31 - [MESSAGE][PASSED] - Text ****** has been set on object 'Object Repository/Page_QlueDashboard/input_Password_password'

2022-02-11 21:28:31 - [TEST_STEP][PASSED] - click(findTestObject("Object Repository/Page_QlueDashboard/button_Log in")): Object: 'Object Repository/Page_QlueDashboard/button_Log in' is clicked on

2022-02-11 21:28:32 - [MESSAGE][PASSED] - Object: 'Object Repository/Page_QlueDashboard/button_Log in' is clicked on

2022-02-11 21:28:32 - [TEST_STEP][PASSED] - delay(2): Delayed 2 second(s)

2022-02-11 21:28:34 - [MESSAGE][PASSED] - Delayed 2 second(s)

2022-02-11 21:28:34 - [TEST_STEP][PASSED] - takeFullPageScreenshot(): Taking screenshot successfully

2022-02-11 21:28:35 - [MESSAGE][INFO] - 0 hidden object(s)

2022-02-11 21:28:35 - [MESSAGE][PASSED] - Taking screenshot successfully
[[ATTACHMENT|C:\\Users\\user\\Katalon Studio\\My First Web UI Project\\Reports\\20220211_212748\\Login_manual\\20220211_212749\\1644589714084.png]]

2022-02-11 21:28:35 - [TEST_STEP][PASSED] - closeBrowser(): Browser is closed

2022-02-11 21:28:36 - [MESSAGE][PASSED] - Browser is closed]]></system-out>
         <system-err><![CDATA[]]></system-err>
      </testcase>
      <testcase name="Test Cases/Login_Manual/Failed login_Email left blank" time="12.682" classname="Test Cases/Login_Manual/Failed login_Email left blank" status="PASSED">
         <system-out><![CDATA[2022-02-11 21:28:36 - [TEST_CASE][PASSED] - Test Cases/Login_Manual/Failed login_Email left blank: Test Cases/Login_Manual/Failed login_Email left blank

2022-02-11 21:28:37 - [TEST_STEP][PASSED] - openBrowser(""): Browser is opened with url: ''

2022-02-11 21:28:37 - [MESSAGE][INFO] - Starting 'Chrome' driver

2022-02-11 21:28:37 - [MESSAGE][INFO] - Action delay is set to 0 milliseconds

2022-02-11 21:28:39 - [MESSAGE][PASSED] - Browser is opened with url: ''

2022-02-11 21:28:39 - [TEST_STEP][PASSED] - navigateToUrl("https://dashboard-dev.qlue.ai/login?email=&redirect_to="): Navigate to 'https://dashboard-dev.qlue.ai/login?email=&redirect_to=' successfully

2022-02-11 21:28:43 - [MESSAGE][PASSED] - Navigate to 'https://dashboard-dev.qlue.ai/login?email=&redirect_to=' successfully

2022-02-11 21:28:43 - [TEST_STEP][PASSED] - setEncryptedText(findTestObject("Object Repository/Page_QlueDashboard/input_Password_password"), "v6+BrTLuxzQDl26QyXP8dQ=="): Text ****** has been set on object 'Object Repository/Page_QlueDashboard/input_Password_password'

2022-02-11 21:28:44 - [MESSAGE][PASSED] - Text ****** has been set on object 'Object Repository/Page_QlueDashboard/input_Password_password'

2022-02-11 21:28:44 - [TEST_STEP][PASSED] - click(findTestObject("Object Repository/Page_QlueDashboard/button_Log in")): Object: 'Object Repository/Page_QlueDashboard/button_Log in' is clicked on

2022-02-11 21:28:44 - [MESSAGE][PASSED] - Object: 'Object Repository/Page_QlueDashboard/button_Log in' is clicked on

2022-02-11 21:28:44 - [TEST_STEP][PASSED] - delay(2): Delayed 2 second(s)

2022-02-11 21:28:46 - [MESSAGE][PASSED] - Delayed 2 second(s)

2022-02-11 21:28:46 - [TEST_STEP][PASSED] - takeFullPageScreenshot(): Taking screenshot successfully

2022-02-11 21:28:48 - [MESSAGE][INFO] - 0 hidden object(s)

2022-02-11 21:28:48 - [MESSAGE][PASSED] - Taking screenshot successfully
[[ATTACHMENT|C:\\Users\\user\\Katalon Studio\\My First Web UI Project\\Reports\\20220211_212748\\Login_manual\\20220211_212749\\1644589726945.png]]

2022-02-11 21:28:48 - [TEST_STEP][PASSED] - closeBrowser(): Browser is closed

2022-02-11 21:28:49 - [MESSAGE][PASSED] - Browser is closed]]></system-out>
         <system-err><![CDATA[]]></system-err>
      </testcase>
      <testcase name="Test Cases/Login_Manual/Failed login_Password left blank" time="13.768" classname="Test Cases/Login_Manual/Failed login_Password left blank" status="PASSED">
         <system-out><![CDATA[2022-02-11 21:28:49 - [TEST_CASE][PASSED] - Test Cases/Login_Manual/Failed login_Password left blank: Test Cases/Login_Manual/Failed login_Password left blank

2022-02-11 21:28:50 - [TEST_STEP][PASSED] - openBrowser(""): Browser is opened with url: ''

2022-02-11 21:28:50 - [MESSAGE][INFO] - Starting 'Chrome' driver

2022-02-11 21:28:50 - [MESSAGE][INFO] - Action delay is set to 0 milliseconds

2022-02-11 21:28:51 - [MESSAGE][PASSED] - Browser is opened with url: ''

2022-02-11 21:28:51 - [TEST_STEP][PASSED] - navigateToUrl("https://dashboard-dev.qlue.ai/login?email=&redirect_to="): Navigate to 'https://dashboard-dev.qlue.ai/login?email=&redirect_to=' successfully

2022-02-11 21:28:56 - [MESSAGE][PASSED] - Navigate to 'https://dashboard-dev.qlue.ai/login?email=&redirect_to=' successfully

2022-02-11 21:28:56 - [TEST_STEP][PASSED] - setText(findTestObject("Object Repository/Page_QlueDashboard/input_Email Address_email"), "ganjar.sayogo@gmail.com"): Text 'ganjar.sayogo@gmail.com' is set on object 'Object Repository/Page_QlueDashboard/input_Email Address_email'

2022-02-11 21:28:57 - [MESSAGE][PASSED] - Text 'ganjar.sayogo@gmail.com' is set on object 'Object Repository/Page_QlueDashboard/input_Email Address_email'

2022-02-11 21:28:57 - [TEST_STEP][PASSED] - click(findTestObject("Object Repository/Page_QlueDashboard/button_Log in")): Object: 'Object Repository/Page_QlueDashboard/button_Log in' is clicked on

2022-02-11 21:28:58 - [MESSAGE][PASSED] - Object: 'Object Repository/Page_QlueDashboard/button_Log in' is clicked on

2022-02-11 21:28:58 - [TEST_STEP][PASSED] - delay(2): Delayed 2 second(s)

2022-02-11 21:29:00 - [MESSAGE][PASSED] - Delayed 2 second(s)

2022-02-11 21:29:00 - [TEST_STEP][PASSED] - takeFullPageScreenshot(): Taking screenshot successfully

2022-02-11 21:29:01 - [MESSAGE][INFO] - 0 hidden object(s)

2022-02-11 21:29:02 - [MESSAGE][PASSED] - Taking screenshot successfully
[[ATTACHMENT|C:\\Users\\user\\Katalon Studio\\My First Web UI Project\\Reports\\20220211_212748\\Login_manual\\20220211_212749\\1644589740797.png]]

2022-02-11 21:29:02 - [TEST_STEP][PASSED] - closeBrowser(): Browser is closed

2022-02-11 21:29:03 - [MESSAGE][PASSED] - Browser is closed]]></system-out>
         <system-err><![CDATA[]]></system-err>
      </testcase>
      <testcase name="Test Cases/Login_Manual/Failed login_Added space in last sentence of email" time="46.211" classname="Test Cases/Login_Manual/Failed login_Added space in last sentence of email" status="FAILED">
         <failure type="FAILED" message="Test Cases/Login_Manual/Failed login_Added space in last sentence of email FAILED.
Reason:
com.kms.katalon.core.exception.StepFailedException: Unable to verify object 'Object Repository/Page_QlueDashboard/Page_QlueDashboard/Page_QlueDashboard/div_Email or phone is not registered' is present
	at com.kms.katalon.core.webui.keyword.internal.WebUIKeywordMain.stepFailed(WebUIKeywordMain.groovy:64)
	at com.kms.katalon.core.webui.keyword.internal.WebUIKeywordMain.runKeyword(WebUIKeywordMain.groovy:26)
	at com.kms.katalon.core.webui.keyword.builtin.VerifyElementPresentKeyword.verifyElementPresent(VerifyElementPresentKeyword.groovy:92)
	at com.kms.katalon.core.webui.keyword.builtin.VerifyElementPresentKeyword.execute(VerifyElementPresentKeyword.groovy:68)
	at com.kms.katalon.core.keyword.internal.KeywordExecutor.executeKeywordForPlatform(KeywordExecutor.groovy:74)
	at com.kms.katalon.core.webui.keyword.WebUiBuiltInKeywords.verifyElementPresent(WebUiBuiltInKeywords.groovy:1464)
	at com.kms.katalon.core.webui.keyword.WebUiBuiltInKeywords$verifyElementPresent$6.call(Unknown Source)
	at Failed login_Added space in last sentence of email.run(Failed login_Added space in last sentence of email:38)
	at com.kms.katalon.core.main.ScriptEngine.run(ScriptEngine.java:194)
	at com.kms.katalon.core.main.ScriptEngine.runScriptAsRawText(ScriptEngine.java:119)
	at com.kms.katalon.core.main.TestCaseExecutor.runScript(TestCaseExecutor.java:442)
	at com.kms.katalon.core.main.TestCaseExecutor.doExecute(TestCaseExecutor.java:433)
	at com.kms.katalon.core.main.TestCaseExecutor.processExecutionPhase(TestCaseExecutor.java:412)
	at com.kms.katalon.core.main.TestCaseExecutor.accessMainPhase(TestCaseExecutor.java:404)
	at com.kms.katalon.core.main.TestCaseExecutor.execute(TestCaseExecutor.java:281)
	at com.kms.katalon.core.main.TestCaseExecutor.execute(TestCaseExecutor.java:363)
	at com.kms.katalon.core.main.TestCaseExecutor.execute(TestCaseExecutor.java:363)
	at com.kms.katalon.core.main.TestCaseExecutor.execute(TestCaseExecutor.java:363)
	at com.kms.katalon.core.main.TestSuiteExecutor.accessTestCaseMainPhase(TestSuiteExecutor.java:202)
	at com.kms.katalon.core.main.TestSuiteExecutor.accessTestSuiteMainPhase(TestSuiteExecutor.java:164)
	at com.kms.katalon.core.main.TestSuiteExecutor.execute(TestSuiteExecutor.java:105)
	at com.kms.katalon.core.main.TestCaseMain.startTestSuite(TestCaseMain.java:185)
	at com.kms.katalon.core.main.TestCaseMain$startTestSuite$0.call(Unknown Source)
	at TempTestSuite1644589669344.run(TempTestSuite1644589669344.groovy:36)
Caused by: com.kms.katalon.core.exception.StepFailedException: com.kms.katalon.core.webui.exception.WebElementNotFoundException: Web element with id: 'Object Repository/Page_QlueDashboard/Page_QlueDashboard/Page_QlueDashboard/div_Email or phone is not registered' located by '//div[@id='root']/div[3]/div/main/div[2]/div/form/div[2]/div[2]' not found
	at com.kms.katalon.core.webui.keyword.internal.WebUIKeywordMain.stepFailed(WebUIKeywordMain.groovy:64)
	at com.kms.katalon.core.webui.keyword.builtin.VerifyElementPresentKeyword$_verifyElementPresent_closure1.doCall(VerifyElementPresentKeyword.groovy:85)
	at com.kms.katalon.core.webui.keyword.builtin.VerifyElementPresentKeyword$_verifyElementPresent_closure1.call(VerifyElementPresentKeyword.groovy)
	at com.kms.katalon.core.webui.keyword.internal.WebUIKeywordMain.runKeyword(WebUIKeywordMain.groovy:20)
	... 22 more
"/>
         <system-out><![CDATA[2022-02-11 21:31:25 - [TEST_CASE][FAILED] - Test Cases/Login_Manual/Failed login_Added space in last sentence of email: Test Cases/Login_Manual/Failed login_Added space in last sentence of email FAILED.
Reason:
com.kms.katalon.core.exception.StepFailedException: Unable to verify object 'Object Repository/Page_QlueDashboard/Page_QlueDashboard/Page_QlueDashboard/div_Email or phone is not registered' is present
	at com.kms.katalon.core.webui.keyword.internal.WebUIKeywordMain.stepFailed(WebUIKeywordMain.groovy:64)
	at com.kms.katalon.core.webui.keyword.internal.WebUIKeywordMain.runKeyword(WebUIKeywordMain.groovy:26)
	at com.kms.katalon.core.webui.keyword.builtin.VerifyElementPresentKeyword.verifyElementPresent(VerifyElementPresentKeyword.groovy:92)
	at com.kms.katalon.core.webui.keyword.builtin.VerifyElementPresentKeyword.execute(VerifyElementPresentKeyword.groovy:68)
	at com.kms.katalon.core.keyword.internal.KeywordExecutor.executeKeywordForPlatform(KeywordExecutor.groovy:74)
	at com.kms.katalon.core.webui.keyword.WebUiBuiltInKeywords.verifyElementPresent(WebUiBuiltInKeywords.groovy:1464)
	at com.kms.katalon.core.webui.keyword.WebUiBuiltInKeywords$verifyElementPresent$6.call(Unknown Source)
	at Failed login_Added space in last sentence of email.run(Failed login_Added space in last sentence of email:38)
	at com.kms.katalon.core.main.ScriptEngine.run(ScriptEngine.java:194)
	at com.kms.katalon.core.main.ScriptEngine.runScriptAsRawText(ScriptEngine.java:119)
	at com.kms.katalon.core.main.TestCaseExecutor.runScript(TestCaseExecutor.java:442)
	at com.kms.katalon.core.main.TestCaseExecutor.doExecute(TestCaseExecutor.java:433)
	at com.kms.katalon.core.main.TestCaseExecutor.processExecutionPhase(TestCaseExecutor.java:412)
	at com.kms.katalon.core.main.TestCaseExecutor.accessMainPhase(TestCaseExecutor.java:404)
	at com.kms.katalon.core.main.TestCaseExecutor.execute(TestCaseExecutor.java:281)
	at com.kms.katalon.core.main.TestCaseExecutor.execute(TestCaseExecutor.java:363)
	at com.kms.katalon.core.main.TestCaseExecutor.execute(TestCaseExecutor.java:363)
	at com.kms.katalon.core.main.TestCaseExecutor.execute(TestCaseExecutor.java:363)
	at com.kms.katalon.core.main.TestSuiteExecutor.accessTestCaseMainPhase(TestSuiteExecutor.java:202)
	at com.kms.katalon.core.main.TestSuiteExecutor.accessTestSuiteMainPhase(TestSuiteExecutor.java:164)
	at com.kms.katalon.core.main.TestSuiteExecutor.execute(TestSuiteExecutor.java:105)
	at com.kms.katalon.core.main.TestCaseMain.startTestSuite(TestCaseMain.java:185)
	at com.kms.katalon.core.main.TestCaseMain$startTestSuite$0.call(Unknown Source)
	at TempTestSuite1644589669344.run(TempTestSuite1644589669344.groovy:36)
Caused by: com.kms.katalon.core.exception.StepFailedException: com.kms.katalon.core.webui.exception.WebElementNotFoundException: Web element with id: 'Object Repository/Page_QlueDashboard/Page_QlueDashboard/Page_QlueDashboard/div_Email or phone is not registered' located by '//div[@id='root']/div[3]/div/main/div[2]/div/form/div[2]/div[2]' not found
	at com.kms.katalon.core.webui.keyword.internal.WebUIKeywordMain.stepFailed(WebUIKeywordMain.groovy:64)
	at com.kms.katalon.core.webui.keyword.builtin.VerifyElementPresentKeyword$_verifyElementPresent_closure1.doCall(VerifyElementPresentKeyword.groovy:85)
	at com.kms.katalon.core.webui.keyword.builtin.VerifyElementPresentKeyword$_verifyElementPresent_closure1.call(VerifyElementPresentKeyword.groovy)
	at com.kms.katalon.core.webui.keyword.internal.WebUIKeywordMain.runKeyword(WebUIKeywordMain.groovy:20)
	... 22 more


2022-02-11 21:31:25 - [TEST_STEP][PASSED] - openBrowser(""): Browser is opened with url: ''

2022-02-11 21:31:25 - [MESSAGE][WARNING] - A browser is already opened. Closing browser and opening a new one

2022-02-11 21:31:26 - [MESSAGE][INFO] - Starting 'Chrome' driver

2022-02-11 21:31:26 - [MESSAGE][INFO] - Action delay is set to 0 milliseconds

2022-02-11 21:31:27 - [MESSAGE][PASSED] - Browser is opened with url: ''

2022-02-11 21:31:27 - [TEST_STEP][PASSED] - navigateToUrl("https://dashboard-dev.qlue.ai/login?email=&redirect_to="): Navigate to 'https://dashboard-dev.qlue.ai/login?email=&redirect_to=' successfully

2022-02-11 21:31:32 - [MESSAGE][PASSED] - Navigate to 'https://dashboard-dev.qlue.ai/login?email=&redirect_to=' successfully

2022-02-11 21:31:32 - [TEST_STEP][PASSED] - setText(findTestObject("Object Repository/Page_QlueDashboard/input_Email Address_email"), "ganjar.sayogo@gmail.com"): Text 'ganjar.sayogo@gmail.com' is set on object 'Object Repository/Page_QlueDashboard/input_Email Address_email'

2022-02-11 21:31:34 - [MESSAGE][PASSED] - Text 'ganjar.sayogo@gmail.com' is set on object 'Object Repository/Page_QlueDashboard/input_Email Address_email'

2022-02-11 21:31:34 - [TEST_STEP][PASSED] - setEncryptedText(findTestObject("Object Repository/Page_QlueDashboard/input_Password_password"), "v6+BrTLuxzQDl26QyXP8dQ=="): Text ****** has been set on object 'Object Repository/Page_QlueDashboard/input_Password_password'

2022-02-11 21:31:34 - [MESSAGE][PASSED] - Text ****** has been set on object 'Object Repository/Page_QlueDashboard/input_Password_password'

2022-02-11 21:31:34 - [TEST_STEP][PASSED] - delay(0): Delayed 0 second(s)

2022-02-11 21:31:34 - [MESSAGE][PASSED] - Delayed 0 second(s)

2022-02-11 21:31:34 - [TEST_STEP][PASSED] - takeFullPageScreenshot(): Taking screenshot successfully

2022-02-11 21:31:36 - [MESSAGE][INFO] - 0 hidden object(s)

2022-02-11 21:31:36 - [MESSAGE][PASSED] - Taking screenshot successfully
[[ATTACHMENT|C:\\Users\\user\\Katalon Studio\\My First Web UI Project\\Reports\\20220211_212748\\Login_manual\\20220211_212749\\1644589894934.png]]

2022-02-11 21:31:36 - [TEST_STEP][PASSED] - click(findTestObject("Object Repository/Page_QlueDashboard/button_Log in")): Object: 'Object Repository/Page_QlueDashboard/button_Log in' is clicked on

2022-02-11 21:31:37 - [MESSAGE][PASSED] - Object: 'Object Repository/Page_QlueDashboard/button_Log in' is clicked on

2022-02-11 21:31:37 - [TEST_STEP][PASSED] - delay(2): Delayed 2 second(s)

2022-02-11 21:31:39 - [MESSAGE][PASSED] - Delayed 2 second(s)

2022-02-11 21:31:39 - [TEST_STEP][PASSED] - takeFullPageScreenshot(): Taking screenshot successfully

2022-02-11 21:31:39 - [MESSAGE][INFO] - 0 hidden object(s)

2022-02-11 21:31:39 - [MESSAGE][PASSED] - Taking screenshot successfully
[[ATTACHMENT|C:\\Users\\user\\Katalon Studio\\My First Web UI Project\\Reports\\20220211_212748\\Login_manual\\20220211_212749\\1644589899076.png]]

2022-02-11 21:31:39 - [TEST_STEP][FAILED] - verifyElementPresent(findTestObject("Page_QlueDashboard/Page_QlueDashboard/Page_QlueDashboard/div_Email or phone is not registered"), 0): Unable to verify object 'Object Repository/Page_QlueDashboard/Page_QlueDashboard/Page_QlueDashboard/div_Email or phone is not registered' is present (Root cause: com.kms.katalon.core.exception.StepFailedException: Unable to verify object 'Object Repository/Page_QlueDashboard/Page_QlueDashboard/Page_QlueDashboard/div_Email or phone is not registered' is present
	at com.kms.katalon.core.webui.keyword.internal.WebUIKeywordMain.stepFailed(WebUIKeywordMain.groovy:64)
	at com.kms.katalon.core.webui.keyword.internal.WebUIKeywordMain.runKeyword(WebUIKeywordMain.groovy:26)
	at com.kms.katalon.core.webui.keyword.builtin.VerifyElementPresentKeyword.verifyElementPresent(VerifyElementPresentKeyword.groovy:92)
	at com.kms.katalon.core.webui.keyword.builtin.VerifyElementPresentKeyword.execute(VerifyElementPresentKeyword.groovy:68)
	at com.kms.katalon.core.keyword.internal.KeywordExecutor.executeKeywordForPlatform(KeywordExecutor.groovy:74)
	at com.kms.katalon.core.webui.keyword.WebUiBuiltInKeywords.verifyElementPresent(WebUiBuiltInKeywords.groovy:1464)
	at com.kms.katalon.core.webui.keyword.WebUiBuiltInKeywords$verifyElementPresent$6.call(Unknown Source)
	at Failed login_Added space in last sentence of email.run(Failed login_Added space in last sentence of email:38)
	at com.kms.katalon.core.main.ScriptEngine.run(ScriptEngine.java:194)
	at com.kms.katalon.core.main.ScriptEngine.runScriptAsRawText(ScriptEngine.java:119)
	at com.kms.katalon.core.main.TestCaseExecutor.runScript(TestCaseExecutor.java:442)
	at com.kms.katalon.core.main.TestCaseExecutor.doExecute(TestCaseExecutor.java:433)
	at com.kms.katalon.core.main.TestCaseExecutor.processExecutionPhase(TestCaseExecutor.java:412)
	at com.kms.katalon.core.main.TestCaseExecutor.accessMainPhase(TestCaseExecutor.java:404)
	at com.kms.katalon.core.main.TestCaseExecutor.execute(TestCaseExecutor.java:281)
	at com.kms.katalon.core.main.TestCaseExecutor.execute(TestCaseExecutor.java:363)
	at com.kms.katalon.core.main.TestCaseExecutor.execute(TestCaseExecutor.java:363)
	at com.kms.katalon.core.main.TestCaseExecutor.execute(TestCaseExecutor.java:363)
	at com.kms.katalon.core.main.TestSuiteExecutor.accessTestCaseMainPhase(TestSuiteExecutor.java:202)
	at com.kms.katalon.core.main.TestSuiteExecutor.accessTestSuiteMainPhase(TestSuiteExecutor.java:164)
	at com.kms.katalon.core.main.TestSuiteExecutor.execute(TestSuiteExecutor.java:105)
	at com.kms.katalon.core.main.TestCaseMain.startTestSuite(TestCaseMain.java:185)
	at com.kms.katalon.core.main.TestCaseMain$startTestSuite$0.call(Unknown Source)
	at TempTestSuite1644589669344.run(TempTestSuite1644589669344.groovy:36)
Caused by: com.kms.katalon.core.exception.StepFailedException: com.kms.katalon.core.webui.exception.WebElementNotFoundException: Web element with id: 'Object Repository/Page_QlueDashboard/Page_QlueDashboard/Page_QlueDashboard/div_Email or phone is not registered' located by '//div[@id='root']/div[3]/div/main/div[2]/div/form/div[2]/div[2]' not found
	at com.kms.katalon.core.webui.keyword.internal.WebUIKeywordMain.stepFailed(WebUIKeywordMain.groovy:64)
	at com.kms.katalon.core.webui.keyword.builtin.VerifyElementPresentKeyword$_verifyElementPresent_closure1.doCall(VerifyElementPresentKeyword.groovy:85)
	at com.kms.katalon.core.webui.keyword.builtin.VerifyElementPresentKeyword$_verifyElementPresent_closure1.call(VerifyElementPresentKeyword.groovy)
	at com.kms.katalon.core.webui.keyword.internal.WebUIKeywordMain.runKeyword(WebUIKeywordMain.groovy:20)
	... 22 more
)

2022-02-11 21:31:40 - [MESSAGE][WARNING] - Timeout '0' is invalid. Using default page load timeout: '30'

2022-02-11 21:32:11 - [MESSAGE][INFO] - Unable to find the element located by 'By.xpath: //div[@id='root']/div[3]/div/main/div[2]/div/form/div[2]/div[2]'. Please recheck the objects properties to make sure the desired element is located. 

2022-02-11 21:32:11 - [MESSAGE][FAILED] - com.kms.katalon.core.webui.exception.WebElementNotFoundException: Web element with id: 'Object Repository/Page_QlueDashboard/Page_QlueDashboard/Page_QlueDashboard/div_Email or phone is not registered' located by '//div[@id='root']/div[3]/div/main/div[2]/div/form/div[2]/div[2]' not found (Root cause: com.kms.katalon.core.exception.StepFailedException: com.kms.katalon.core.webui.exception.WebElementNotFoundException: Web element with id: 'Object Repository/Page_QlueDashboard/Page_QlueDashboard/Page_QlueDashboard/div_Email or phone is not registered' located by '//div[@id='root']/div[3]/div/main/div[2]/div/form/div[2]/div[2]' not found
	at com.kms.katalon.core.webui.keyword.internal.WebUIKeywordMain.stepFailed(WebUIKeywordMain.groovy:64)
	at com.kms.katalon.core.webui.keyword.builtin.VerifyElementPresentKeyword$_verifyElementPresent_closure1.doCall(VerifyElementPresentKeyword.groovy:85)
	at com.kms.katalon.core.webui.keyword.builtin.VerifyElementPresentKeyword$_verifyElementPresent_closure1.call(VerifyElementPresentKeyword.groovy)
	at com.kms.katalon.core.webui.keyword.internal.WebUIKeywordMain.runKeyword(WebUIKeywordMain.groovy:20)
	at com.kms.katalon.core.webui.keyword.builtin.VerifyElementPresentKeyword.verifyElementPresent(VerifyElementPresentKeyword.groovy:92)
	at com.kms.katalon.core.webui.keyword.builtin.VerifyElementPresentKeyword.execute(VerifyElementPresentKeyword.groovy:68)
	at com.kms.katalon.core.keyword.internal.KeywordExecutor.executeKeywordForPlatform(KeywordExecutor.groovy:74)
	at com.kms.katalon.core.webui.keyword.WebUiBuiltInKeywords.verifyElementPresent(WebUiBuiltInKeywords.groovy:1464)
	at com.kms.katalon.core.webui.keyword.WebUiBuiltInKeywords$verifyElementPresent$6.call(Unknown Source)
	at Failed login_Added space in last sentence of email.run(Failed login_Added space in last sentence of email:38)
	at com.kms.katalon.core.main.ScriptEngine.run(ScriptEngine.java:194)
	at com.kms.katalon.core.main.ScriptEngine.runScriptAsRawText(ScriptEngine.java:119)
	at com.kms.katalon.core.main.TestCaseExecutor.runScript(TestCaseExecutor.java:442)
	at com.kms.katalon.core.main.TestCaseExecutor.doExecute(TestCaseExecutor.java:433)
	at com.kms.katalon.core.main.TestCaseExecutor.processExecutionPhase(TestCaseExecutor.java:412)
	at com.kms.katalon.core.main.TestCaseExecutor.accessMainPhase(TestCaseExecutor.java:404)
	at com.kms.katalon.core.main.TestCaseExecutor.execute(TestCaseExecutor.java:281)
	at com.kms.katalon.core.main.TestCaseExecutor.execute(TestCaseExecutor.java:363)
	at com.kms.katalon.core.main.TestCaseExecutor.execute(TestCaseExecutor.java:363)
	at com.kms.katalon.core.main.TestCaseExecutor.execute(TestCaseExecutor.java:363)
	at com.kms.katalon.core.main.TestSuiteExecutor.accessTestCaseMainPhase(TestSuiteExecutor.java:202)
	at com.kms.katalon.core.main.TestSuiteExecutor.accessTestSuiteMainPhase(TestSuiteExecutor.java:164)
	at com.kms.katalon.core.main.TestSuiteExecutor.execute(TestSuiteExecutor.java:105)
	at com.kms.katalon.core.main.TestCaseMain.startTestSuite(TestCaseMain.java:185)
	at com.kms.katalon.core.main.TestCaseMain$startTestSuite$0.call(Unknown Source)
	at TempTestSuite1644589669344.run(TempTestSuite1644589669344.groovy:36)
)
[[ATTACHMENT|C:\\Users\\user\\Katalon Studio\\My First Web UI Project\\Reports\\20220211_212748\\Login_manual\\20220211_212749\\1644589931095.png]]

2022-02-11 21:32:11 - [MESSAGE][FAILED] - Unable to verify object 'Object Repository/Page_QlueDashboard/Page_QlueDashboard/Page_QlueDashboard/div_Email or phone is not registered' is present (Root cause: com.kms.katalon.core.exception.StepFailedException: Unable to verify object 'Object Repository/Page_QlueDashboard/Page_QlueDashboard/Page_QlueDashboard/div_Email or phone is not registered' is present
	at com.kms.katalon.core.webui.keyword.internal.WebUIKeywordMain.stepFailed(WebUIKeywordMain.groovy:64)
	at com.kms.katalon.core.webui.keyword.internal.WebUIKeywordMain.runKeyword(WebUIKeywordMain.groovy:26)
	at com.kms.katalon.core.webui.keyword.builtin.VerifyElementPresentKeyword.verifyElementPresent(VerifyElementPresentKeyword.groovy:92)
	at com.kms.katalon.core.webui.keyword.builtin.VerifyElementPresentKeyword.execute(VerifyElementPresentKeyword.groovy:68)
	at com.kms.katalon.core.keyword.internal.KeywordExecutor.executeKeywordForPlatform(KeywordExecutor.groovy:74)
	at com.kms.katalon.core.webui.keyword.WebUiBuiltInKeywords.verifyElementPresent(WebUiBuiltInKeywords.groovy:1464)
	at com.kms.katalon.core.webui.keyword.WebUiBuiltInKeywords$verifyElementPresent$6.call(Unknown Source)
	at Failed login_Added space in last sentence of email.run(Failed login_Added space in last sentence of email:38)
	at com.kms.katalon.core.main.ScriptEngine.run(ScriptEngine.java:194)
	at com.kms.katalon.core.main.ScriptEngine.runScriptAsRawText(ScriptEngine.java:119)
	at com.kms.katalon.core.main.TestCaseExecutor.runScript(TestCaseExecutor.java:442)
	at com.kms.katalon.core.main.TestCaseExecutor.doExecute(TestCaseExecutor.java:433)
	at com.kms.katalon.core.main.TestCaseExecutor.processExecutionPhase(TestCaseExecutor.java:412)
	at com.kms.katalon.core.main.TestCaseExecutor.accessMainPhase(TestCaseExecutor.java:404)
	at com.kms.katalon.core.main.TestCaseExecutor.execute(TestCaseExecutor.java:281)
	at com.kms.katalon.core.main.TestCaseExecutor.execute(TestCaseExecutor.java:363)
	at com.kms.katalon.core.main.TestCaseExecutor.execute(TestCaseExecutor.java:363)
	at com.kms.katalon.core.main.TestCaseExecutor.execute(TestCaseExecutor.java:363)
	at com.kms.katalon.core.main.TestSuiteExecutor.accessTestCaseMainPhase(TestSuiteExecutor.java:202)
	at com.kms.katalon.core.main.TestSuiteExecutor.accessTestSuiteMainPhase(TestSuiteExecutor.java:164)
	at com.kms.katalon.core.main.TestSuiteExecutor.execute(TestSuiteExecutor.java:105)
	at com.kms.katalon.core.main.TestCaseMain.startTestSuite(TestCaseMain.java:185)
	at com.kms.katalon.core.main.TestCaseMain$startTestSuite$0.call(Unknown Source)
	at TempTestSuite1644589669344.run(TempTestSuite1644589669344.groovy:36)
Caused by: com.kms.katalon.core.exception.StepFailedException: com.kms.katalon.core.webui.exception.WebElementNotFoundException: Web element with id: 'Object Repository/Page_QlueDashboard/Page_QlueDashboard/Page_QlueDashboard/div_Email or phone is not registered' located by '//div[@id='root']/div[3]/div/main/div[2]/div/form/div[2]/div[2]' not found
	at com.kms.katalon.core.webui.keyword.internal.WebUIKeywordMain.stepFailed(WebUIKeywordMain.groovy:64)
	at com.kms.katalon.core.webui.keyword.builtin.VerifyElementPresentKeyword$_verifyElementPresent_closure1.doCall(VerifyElementPresentKeyword.groovy:85)
	at com.kms.katalon.core.webui.keyword.builtin.VerifyElementPresentKeyword$_verifyElementPresent_closure1.call(VerifyElementPresentKeyword.groovy)
	at com.kms.katalon.core.webui.keyword.internal.WebUIKeywordMain.runKeyword(WebUIKeywordMain.groovy:20)
	... 22 more
)
[[ATTACHMENT|C:\\Users\\user\\Katalon Studio\\My First Web UI Project\\Reports\\20220211_212748\\Login_manual\\20220211_212749\\1644589931345.png]]]]></system-out>
         <system-err><![CDATA[2022-02-11 21:31:25 - [TEST_CASE][FAILED] - Test Cases/Login_Manual/Failed login_Added space in last sentence of email: Test Cases/Login_Manual/Failed login_Added space in last sentence of email FAILED.
Reason:
com.kms.katalon.core.exception.StepFailedException: Unable to verify object 'Object Repository/Page_QlueDashboard/Page_QlueDashboard/Page_QlueDashboard/div_Email or phone is not registered' is present
	at com.kms.katalon.core.webui.keyword.internal.WebUIKeywordMain.stepFailed(WebUIKeywordMain.groovy:64)
	at com.kms.katalon.core.webui.keyword.internal.WebUIKeywordMain.runKeyword(WebUIKeywordMain.groovy:26)
	at com.kms.katalon.core.webui.keyword.builtin.VerifyElementPresentKeyword.verifyElementPresent(VerifyElementPresentKeyword.groovy:92)
	at com.kms.katalon.core.webui.keyword.builtin.VerifyElementPresentKeyword.execute(VerifyElementPresentKeyword.groovy:68)
	at com.kms.katalon.core.keyword.internal.KeywordExecutor.executeKeywordForPlatform(KeywordExecutor.groovy:74)
	at com.kms.katalon.core.webui.keyword.WebUiBuiltInKeywords.verifyElementPresent(WebUiBuiltInKeywords.groovy:1464)
	at com.kms.katalon.core.webui.keyword.WebUiBuiltInKeywords$verifyElementPresent$6.call(Unknown Source)
	at Failed login_Added space in last sentence of email.run(Failed login_Added space in last sentence of email:38)
	at com.kms.katalon.core.main.ScriptEngine.run(ScriptEngine.java:194)
	at com.kms.katalon.core.main.ScriptEngine.runScriptAsRawText(ScriptEngine.java:119)
	at com.kms.katalon.core.main.TestCaseExecutor.runScript(TestCaseExecutor.java:442)
	at com.kms.katalon.core.main.TestCaseExecutor.doExecute(TestCaseExecutor.java:433)
	at com.kms.katalon.core.main.TestCaseExecutor.processExecutionPhase(TestCaseExecutor.java:412)
	at com.kms.katalon.core.main.TestCaseExecutor.accessMainPhase(TestCaseExecutor.java:404)
	at com.kms.katalon.core.main.TestCaseExecutor.execute(TestCaseExecutor.java:281)
	at com.kms.katalon.core.main.TestCaseExecutor.execute(TestCaseExecutor.java:363)
	at com.kms.katalon.core.main.TestCaseExecutor.execute(TestCaseExecutor.java:363)
	at com.kms.katalon.core.main.TestCaseExecutor.execute(TestCaseExecutor.java:363)
	at com.kms.katalon.core.main.TestSuiteExecutor.accessTestCaseMainPhase(TestSuiteExecutor.java:202)
	at com.kms.katalon.core.main.TestSuiteExecutor.accessTestSuiteMainPhase(TestSuiteExecutor.java:164)
	at com.kms.katalon.core.main.TestSuiteExecutor.execute(TestSuiteExecutor.java:105)
	at com.kms.katalon.core.main.TestCaseMain.startTestSuite(TestCaseMain.java:185)
	at com.kms.katalon.core.main.TestCaseMain$startTestSuite$0.call(Unknown Source)
	at TempTestSuite1644589669344.run(TempTestSuite1644589669344.groovy:36)
Caused by: com.kms.katalon.core.exception.StepFailedException: com.kms.katalon.core.webui.exception.WebElementNotFoundException: Web element with id: 'Object Repository/Page_QlueDashboard/Page_QlueDashboard/Page_QlueDashboard/div_Email or phone is not registered' located by '//div[@id='root']/div[3]/div/main/div[2]/div/form/div[2]/div[2]' not found
	at com.kms.katalon.core.webui.keyword.internal.WebUIKeywordMain.stepFailed(WebUIKeywordMain.groovy:64)
	at com.kms.katalon.core.webui.keyword.builtin.VerifyElementPresentKeyword$_verifyElementPresent_closure1.doCall(VerifyElementPresentKeyword.groovy:85)
	at com.kms.katalon.core.webui.keyword.builtin.VerifyElementPresentKeyword$_verifyElementPresent_closure1.call(VerifyElementPresentKeyword.groovy)
	at com.kms.katalon.core.webui.keyword.internal.WebUIKeywordMain.runKeyword(WebUIKeywordMain.groovy:20)
	... 22 more]]></system-err>
      </testcase>
      <system-out><![CDATA[2022-02-11 21:28:03 - [TEST_SUITE][FAILED] - Login_manual: Test Cases/Login_Manual/Failed login_Added space in last sentence of email FAILED.
Reason:
com.kms.katalon.core.exception.StepFailedException: Unable to verify object 'Object Repository/Page_QlueDashboard/Page_QlueDashboard/Page_QlueDashboard/div_Email or phone is not registered' is present
	at com.kms.katalon.core.webui.keyword.internal.WebUIKeywordMain.stepFailed(WebUIKeywordMain.groovy:64)
	at com.kms.katalon.core.webui.keyword.internal.WebUIKeywordMain.runKeyword(WebUIKeywordMain.groovy:26)
	at com.kms.katalon.core.webui.keyword.builtin.VerifyElementPresentKeyword.verifyElementPresent(VerifyElementPresentKeyword.groovy:92)
	at com.kms.katalon.core.webui.keyword.builtin.VerifyElementPresentKeyword.execute(VerifyElementPresentKeyword.groovy:68)
	at com.kms.katalon.core.keyword.internal.KeywordExecutor.executeKeywordForPlatform(KeywordExecutor.groovy:74)
	at com.kms.katalon.core.webui.keyword.WebUiBuiltInKeywords.verifyElementPresent(WebUiBuiltInKeywords.groovy:1464)
	at com.kms.katalon.core.webui.keyword.WebUiBuiltInKeywords$verifyElementPresent$6.call(Unknown Source)
	at Failed login_Added space in last sentence of email.run(Failed login_Added space in last sentence of email:38)
	at com.kms.katalon.core.main.ScriptEngine.run(ScriptEngine.java:194)
	at com.kms.katalon.core.main.ScriptEngine.runScriptAsRawText(ScriptEngine.java:119)
	at com.kms.katalon.core.main.TestCaseExecutor.runScript(TestCaseExecutor.java:442)
	at com.kms.katalon.core.main.TestCaseExecutor.doExecute(TestCaseExecutor.java:433)
	at com.kms.katalon.core.main.TestCaseExecutor.processExecutionPhase(TestCaseExecutor.java:412)
	at com.kms.katalon.core.main.TestCaseExecutor.accessMainPhase(TestCaseExecutor.java:404)
	at com.kms.katalon.core.main.TestCaseExecutor.execute(TestCaseExecutor.java:281)
	at com.kms.katalon.core.main.TestSuiteExecutor.accessTestCaseMainPhase(TestSuiteExecutor.java:202)
	at com.kms.katalon.core.main.TestSuiteExecutor.accessTestSuiteMainPhase(TestSuiteExecutor.java:164)
	at com.kms.katalon.core.main.TestSuiteExecutor.execute(TestSuiteExecutor.java:105)
	at com.kms.katalon.core.main.TestCaseMain.startTestSuite(TestCaseMain.java:185)
	at com.kms.katalon.core.main.TestCaseMain$startTestSuite$0.call(Unknown Source)
	at TempTestSuite1644589669344.run(TempTestSuite1644589669344.groovy:36)
Caused by: com.kms.katalon.core.exception.StepFailedException: com.kms.katalon.core.webui.exception.WebElementNotFoundException: Web element with id: 'Object Repository/Page_QlueDashboard/Page_QlueDashboard/Page_QlueDashboard/div_Email or phone is not registered' located by '//div[@id='root']/div[3]/div/main/div[2]/div/form/div[2]/div[2]' not found
	at com.kms.katalon.core.webui.keyword.internal.WebUIKeywordMain.stepFailed(WebUIKeywordMain.groovy:64)
	at com.kms.katalon.core.webui.keyword.builtin.VerifyElementPresentKeyword$_verifyElementPresent_closure1.doCall(VerifyElementPresentKeyword.groovy:85)
	at com.kms.katalon.core.webui.keyword.builtin.VerifyElementPresentKeyword$_verifyElementPresent_closure1.call(VerifyElementPresentKeyword.groovy)
	at com.kms.katalon.core.webui.keyword.internal.WebUIKeywordMain.runKeyword(WebUIKeywordMain.groovy:20)
	... 19 more]]></system-out>
      <system-err><![CDATA[2022-02-11 21:28:03 - [TEST_SUITE][FAILED] - Login_manual: Test Cases/Login_Manual/Failed login_Added space in last sentence of email FAILED.
Reason:
com.kms.katalon.core.exception.StepFailedException: Unable to verify object 'Object Repository/Page_QlueDashboard/Page_QlueDashboard/Page_QlueDashboard/div_Email or phone is not registered' is present
	at com.kms.katalon.core.webui.keyword.internal.WebUIKeywordMain.stepFailed(WebUIKeywordMain.groovy:64)
	at com.kms.katalon.core.webui.keyword.internal.WebUIKeywordMain.runKeyword(WebUIKeywordMain.groovy:26)
	at com.kms.katalon.core.webui.keyword.builtin.VerifyElementPresentKeyword.verifyElementPresent(VerifyElementPresentKeyword.groovy:92)
	at com.kms.katalon.core.webui.keyword.builtin.VerifyElementPresentKeyword.execute(VerifyElementPresentKeyword.groovy:68)
	at com.kms.katalon.core.keyword.internal.KeywordExecutor.executeKeywordForPlatform(KeywordExecutor.groovy:74)
	at com.kms.katalon.core.webui.keyword.WebUiBuiltInKeywords.verifyElementPresent(WebUiBuiltInKeywords.groovy:1464)
	at com.kms.katalon.core.webui.keyword.WebUiBuiltInKeywords$verifyElementPresent$6.call(Unknown Source)
	at Failed login_Added space in last sentence of email.run(Failed login_Added space in last sentence of email:38)
	at com.kms.katalon.core.main.ScriptEngine.run(ScriptEngine.java:194)
	at com.kms.katalon.core.main.ScriptEngine.runScriptAsRawText(ScriptEngine.java:119)
	at com.kms.katalon.core.main.TestCaseExecutor.runScript(TestCaseExecutor.java:442)
	at com.kms.katalon.core.main.TestCaseExecutor.doExecute(TestCaseExecutor.java:433)
	at com.kms.katalon.core.main.TestCaseExecutor.processExecutionPhase(TestCaseExecutor.java:412)
	at com.kms.katalon.core.main.TestCaseExecutor.accessMainPhase(TestCaseExecutor.java:404)
	at com.kms.katalon.core.main.TestCaseExecutor.execute(TestCaseExecutor.java:281)
	at com.kms.katalon.core.main.TestSuiteExecutor.accessTestCaseMainPhase(TestSuiteExecutor.java:202)
	at com.kms.katalon.core.main.TestSuiteExecutor.accessTestSuiteMainPhase(TestSuiteExecutor.java:164)
	at com.kms.katalon.core.main.TestSuiteExecutor.execute(TestSuiteExecutor.java:105)
	at com.kms.katalon.core.main.TestCaseMain.startTestSuite(TestCaseMain.java:185)
	at com.kms.katalon.core.main.TestCaseMain$startTestSuite$0.call(Unknown Source)
	at TempTestSuite1644589669344.run(TempTestSuite1644589669344.groovy:36)
Caused by: com.kms.katalon.core.exception.StepFailedException: com.kms.katalon.core.webui.exception.WebElementNotFoundException: Web element with id: 'Object Repository/Page_QlueDashboard/Page_QlueDashboard/Page_QlueDashboard/div_Email or phone is not registered' located by '//div[@id='root']/div[3]/div/main/div[2]/div/form/div[2]/div[2]' not found
	at com.kms.katalon.core.webui.keyword.internal.WebUIKeywordMain.stepFailed(WebUIKeywordMain.groovy:64)
	at com.kms.katalon.core.webui.keyword.builtin.VerifyElementPresentKeyword$_verifyElementPresent_closure1.doCall(VerifyElementPresentKeyword.groovy:85)
	at com.kms.katalon.core.webui.keyword.builtin.VerifyElementPresentKeyword$_verifyElementPresent_closure1.call(VerifyElementPresentKeyword.groovy)
	at com.kms.katalon.core.webui.keyword.internal.WebUIKeywordMain.runKeyword(WebUIKeywordMain.groovy:20)
	... 19 more]]></system-err>
   </testsuite>
</testsuites>
